2019-05-11 23:00:53,529 

============================
Epoch 1
train accuracy 96.81%
test accuracy 97.01%
============================
2019-05-11 23:02:47,324 

============================
Epoch 1
train accuracy 98.12%
test accuracy 98.12%
============================
2019-05-11 23:41:15,142 

============================
Epoch 1
train accuracy 96.30%
test accuracy 96.49%
============================
2019-05-11 23:42:33,320 

============================
Epoch 1
train accuracy 96.11%
test accuracy 96.43%
============================
2019-05-11 23:46:10,230 

============================
Epoch 1
train accuracy 96.47%
test accuracy 96.80%
============================
2019-05-11 23:48:50,828 

============================
Epoch 1
train accuracy 96.87%
test accuracy 97.09%
============================
2019-05-11 23:50:45,109 

============================
Epoch 1
train accuracy 96.07%
test accuracy 96.62%
============================
2019-05-11 23:52:40,530 

============================
Epoch 1
train accuracy 97.33%
test accuracy 97.38%
============================
2019-05-11 23:55:01,640 LeNet 

============================
Epoch 1
train accuracy 96.93%
test accuracy 97.11%
============================
2019-05-11 23:56:20,302 LeNet 

============================
Epoch 1
train accuracy 96.81%
test accuracy 96.99%
============================
2019-05-11 23:57:44,546 LeNet 

============================
Epoch 1
train accuracy 97.12%
test accuracy 97.33%
============================
2019-05-11 23:58:35,968 LeNet 

============================
Epoch 2
train accuracy 97.60%
test accuracy 97.61%
============================
2019-05-11 23:59:27,673 LeNet 

============================
Epoch 3
train accuracy 98.37%
test accuracy 98.17%
============================
2019-05-12 00:00:20,837 LeNet 

============================
Epoch 4
train accuracy 98.78%
test accuracy 98.74%
============================
2019-05-12 00:01:12,544 LeNet 

============================
Epoch 5
train accuracy 99.07%
test accuracy 98.58%
============================
2019-05-12 00:02:08,858 LeNet 

============================
Epoch 6
train accuracy 99.03%
test accuracy 98.59%
============================
2019-05-12 00:03:49,828 LeNet 

============================
Epoch 1
train accuracy 97.33%
test accuracy 97.67%
============================
2019-05-12 00:05:51,983 LeNet 

============================
Epoch 1
train accuracy 96.86%
test accuracy 97.01%
============================
2019-05-12 00:08:25,440 LeNet 

============================
Epoch 1
train accuracy 96.81%
test accuracy 97.00%
============================
2019-05-12 00:09:25,876 LeNet 

============================
Epoch 2
train accuracy 97.81%
test accuracy 97.87%
============================
2019-05-12 00:10:23,946 LeNet 

============================
Epoch 3
train accuracy 98.52%
test accuracy 98.28%
============================
2019-05-12 00:11:26,178 LeNet 

============================
Epoch 4
train accuracy 98.73%
test accuracy 98.49%
============================
2019-05-12 00:12:20,709 LeNet 

============================
Epoch 5
train accuracy 99.02%
test accuracy 98.76%
============================
2019-05-12 00:13:13,627 LeNet 

============================
Epoch 6
train accuracy 99.11%
test accuracy 98.61%
============================
2019-05-12 00:14:06,746 LeNet 

============================
Epoch 7
train accuracy 99.21%
test accuracy 98.50%
============================
2019-05-12 00:14:59,601 LeNet 

============================
Epoch 8
train accuracy 99.42%
test accuracy 98.76%
============================
2019-05-12 00:15:52,460 LeNet 

============================
Epoch 9
train accuracy 99.42%
test accuracy 98.70%
============================
2019-05-12 00:16:44,339 LeNet 

============================
Epoch 10
train accuracy 99.60%
test accuracy 98.82%
============================
2019-05-12 00:16:44,339 LeNet 

============================
Average train accuracy 98.77%
Average test accuracy 98.38%
============================
2019-05-12 00:17:30,949 LeNet 

============================
Epoch 1
train accuracy 96.38%
test accuracy 96.68%
============================
2019-05-12 00:18:17,325 LeNet 

============================
Epoch 2
train accuracy 98.15%
test accuracy 98.14%
============================
2019-05-12 00:19:03,900 LeNet 

============================
Epoch 3
train accuracy 98.69%
test accuracy 98.57%
============================
2019-05-12 00:19:50,580 LeNet 

============================
Epoch 4
train accuracy 98.91%
test accuracy 98.70%
============================
2019-05-12 00:20:37,143 LeNet 

============================
Epoch 5
train accuracy 99.19%
test accuracy 98.74%
============================
2019-05-12 00:21:23,635 LeNet 

============================
Epoch 6
train accuracy 99.28%
test accuracy 98.79%
============================
2019-05-12 00:22:11,986 LeNet 

============================
Epoch 7
train accuracy 99.30%
test accuracy 98.79%
============================
2019-05-12 00:22:58,732 LeNet 

============================
Epoch 8
train accuracy 99.38%
test accuracy 98.68%
============================
2019-05-12 00:23:45,357 LeNet 

============================
Epoch 9
train accuracy 99.39%
test accuracy 98.67%
============================
2019-05-12 00:24:31,983 LeNet 

============================
Epoch 10
train accuracy 99.55%
test accuracy 98.74%
============================
2019-05-12 00:24:31,983 LeNet 

============================
Average train accuracy 98.82%
Average test accuracy 98.45%
============================
2019-05-12 00:25:37,577 LeNet 

============================
Epoch 1
train accuracy 97.16%
test accuracy 97.40%
============================
2019-05-12 00:26:44,765 LeNet 

============================
Epoch 2
train accuracy 98.47%
test accuracy 98.34%
============================
2019-05-12 00:27:51,189 LeNet 

============================
Epoch 3
train accuracy 98.93%
test accuracy 98.74%
============================
2019-05-12 00:28:57,247 LeNet 

============================
Epoch 4
train accuracy 99.22%
test accuracy 98.88%
============================
2019-05-12 00:30:03,300 LeNet 

============================
Epoch 5
train accuracy 99.09%
test accuracy 98.80%
============================
2019-05-12 00:31:08,998 LeNet 

============================
Epoch 6
train accuracy 99.37%
test accuracy 98.87%
============================
2019-05-12 00:32:12,852 LeNet 

============================
Epoch 7
train accuracy 99.50%
test accuracy 98.98%
============================
2019-05-12 00:33:14,930 LeNet 

============================
Epoch 8
train accuracy 99.64%
test accuracy 98.96%
============================
2019-05-12 00:34:16,948 LeNet 

============================
Epoch 9
train accuracy 99.40%
test accuracy 98.91%
============================
2019-05-12 00:35:18,692 LeNet 

============================
Epoch 10
train accuracy 99.62%
test accuracy 98.98%
============================
2019-05-12 00:35:18,692 LeNet 

============================
Average train accuracy 99.04%
Average test accuracy 98.69%
============================
2019-05-12 00:36:20,495 LeNet 

============================
Epoch 1
train accuracy 97.02%
test accuracy 97.20%
============================
2019-05-12 00:37:23,989 LeNet 

============================
Epoch 2
train accuracy 98.43%
test accuracy 98.39%
============================
2019-05-12 00:38:26,063 LeNet 

============================
Epoch 3
train accuracy 98.91%
test accuracy 98.61%
============================
2019-05-12 00:39:28,040 LeNet 

============================
Epoch 4
train accuracy 99.10%
test accuracy 98.52%
============================
2019-05-12 00:40:29,970 LeNet 

============================
Epoch 5
train accuracy 99.36%
test accuracy 98.85%
============================
2019-05-12 00:41:32,075 LeNet 

============================
Epoch 6
train accuracy 99.38%
test accuracy 98.80%
============================
2019-05-12 00:42:35,346 LeNet 

============================
Epoch 7
train accuracy 99.46%
test accuracy 98.74%
============================
2019-05-12 00:43:37,311 LeNet 

============================
Epoch 8
train accuracy 99.48%
test accuracy 98.82%
============================
2019-05-12 00:44:39,414 LeNet 

============================
Epoch 9
train accuracy 99.66%
test accuracy 98.94%
============================
2019-05-12 00:45:41,336 LeNet 

============================
Epoch 10
train accuracy 99.69%
test accuracy 98.78%
============================
2019-05-12 00:45:41,336 LeNet 

============================
Average train accuracy 99.05%
Average test accuracy 98.57%
============================
2019-05-12 08:10:22,477 LeNet 

============================
Epoch 1
train accuracy 98.17%
test accuracy 98.23%
============================
2019-05-12 08:11:55,560 LeNet 

============================
Epoch 2
train accuracy 97.62%
test accuracy 97.66%
============================
2019-05-12 08:13:42,790 LeNet 

============================
Epoch 3
train accuracy 99.27%
test accuracy 98.95%
============================
2019-05-12 08:15:54,188 LeNet 

============================
Epoch 4
train accuracy 99.29%
test accuracy 99.02%
============================
2019-05-12 08:17:51,778 LeNet 

============================
Epoch 5
train accuracy 99.32%
test accuracy 98.75%
============================
2019-05-12 08:19:48,979 LeNet 

============================
Epoch 6
train accuracy 99.48%
test accuracy 98.98%
============================
2019-05-12 08:21:44,240 LeNet 

============================
Epoch 7
train accuracy 99.58%
test accuracy 99.02%
============================
2019-05-12 08:23:54,188 LeNet 

============================
Epoch 8
train accuracy 99.56%
test accuracy 98.87%
============================
2019-05-12 08:27:37,296 LeNet 

============================
Epoch 1
train accuracy 96.40%
test accuracy 96.89%
============================
2019-05-12 08:28:40,077 LeNet 

============================
Epoch 1
train accuracy 96.47%
test accuracy 96.74%
============================
2019-05-12 08:30:17,635 ImprovedLeNet_2 

============================
Epoch 1
train accuracy 97.28%
test accuracy 97.54%
============================
2019-05-12 08:50:29,637 LeNet
2019-05-12 08:50:35,050 LeNet
2019-05-12 08:51:14,870 

============================
Epoch 1
train accuracy 95.94%
test accuracy 96.55%
============================
2019-05-12 08:51:52,625 

============================
Epoch 2
train accuracy 97.50%
test accuracy 97.55%
============================
2019-05-12 08:52:28,335 

============================
Epoch 3
train accuracy 98.26%
test accuracy 98.17%
============================
2019-05-12 08:53:05,122 

============================
Epoch 4
train accuracy 98.61%
test accuracy 98.36%
============================
2019-05-12 08:53:44,162 

============================
Epoch 5
train accuracy 98.75%
test accuracy 98.43%
============================
2019-05-12 08:54:26,182 

============================
Epoch 6
train accuracy 98.80%
test accuracy 98.45%
============================
2019-05-12 08:55:11,530 

============================
Epoch 7
train accuracy 98.62%
test accuracy 98.17%
============================
2019-05-12 08:56:01,296 

============================
Epoch 8
train accuracy 98.41%
test accuracy 97.76%
============================
2019-05-12 08:56:54,505 

============================
Epoch 9
train accuracy 99.13%
test accuracy 98.63%
============================
2019-05-12 08:57:43,462 

============================
Epoch 10
train accuracy 99.04%
test accuracy 98.36%
============================
2019-05-12 08:57:43,463 

============================
Average train accuracy 98.31%
Average test accuracy 98.04%
============================
2019-05-12 08:57:43,499 ImprovedLeNet_1
2019-05-12 08:58:22,815 

============================
Epoch 1
train accuracy 95.98%
test accuracy 96.37%
============================
2019-05-12 08:58:56,846 

============================
Epoch 2
train accuracy 97.72%
test accuracy 97.81%
============================
2019-05-12 08:59:31,183 

============================
Epoch 3
train accuracy 98.54%
test accuracy 98.37%
============================
2019-05-12 09:00:05,521 

============================
Epoch 4
train accuracy 98.75%
test accuracy 98.55%
============================
2019-05-12 09:00:40,036 

============================
Epoch 5
train accuracy 98.95%
test accuracy 98.64%
============================
2019-05-12 09:01:15,693 

============================
Epoch 6
train accuracy 98.99%
test accuracy 98.67%
============================
2019-05-12 09:01:52,563 

============================
Epoch 7
train accuracy 99.17%
test accuracy 98.74%
============================
2019-05-12 09:02:29,447 

============================
Epoch 8
train accuracy 98.88%
test accuracy 98.27%
============================
2019-05-12 09:03:06,935 

============================
Epoch 9
train accuracy 99.35%
test accuracy 98.68%
============================
2019-05-12 09:03:45,494 

============================
Epoch 10
train accuracy 99.22%
test accuracy 98.53%
============================
2019-05-12 09:03:45,495 

============================
Average train accuracy 98.56%
Average test accuracy 98.26%
============================
2019-05-12 09:03:45,528 ImprovedLeNet_2
2019-05-12 09:04:41,268 

============================
Epoch 1
train accuracy 97.42%
test accuracy 97.71%
============================
2019-05-12 09:05:40,008 

============================
Epoch 2
train accuracy 98.47%
test accuracy 98.32%
============================
2019-05-12 09:06:41,024 

============================
Epoch 3
train accuracy 98.85%
test accuracy 98.71%
============================
2019-05-12 09:07:42,854 

============================
Epoch 4
train accuracy 99.01%
test accuracy 98.63%
============================
2019-05-12 09:08:42,463 

============================
Epoch 5
train accuracy 98.97%
test accuracy 98.49%
============================
2019-05-12 09:09:40,584 

============================
Epoch 6
train accuracy 98.68%
test accuracy 98.10%
============================
2019-05-12 09:10:37,496 

============================
Epoch 7
train accuracy 99.16%
test accuracy 98.64%
============================
2019-05-12 09:11:33,020 

============================
Epoch 8
train accuracy 99.27%
test accuracy 98.74%
============================
2019-05-12 09:12:29,384 

============================
Epoch 9
train accuracy 99.34%
test accuracy 98.81%
============================
2019-05-12 09:13:24,422 

============================
Epoch 10
train accuracy 99.32%
test accuracy 98.64%
============================
2019-05-12 09:13:24,422 

============================
Average train accuracy 98.85%
Average test accuracy 98.48%
============================
2019-05-12 09:13:24,453 ImprovedLeNet_3
2019-05-12 09:14:19,874 

============================
Epoch 1
train accuracy 97.06%
test accuracy 97.31%
============================
2019-05-12 09:15:15,775 

============================
Epoch 2
train accuracy 98.57%
test accuracy 98.45%
============================
2019-05-12 09:16:11,557 

============================
Epoch 3
train accuracy 98.71%
test accuracy 98.59%
============================
2019-05-12 09:17:08,152 

============================
Epoch 4
train accuracy 98.97%
test accuracy 98.70%
============================
2019-05-12 09:18:11,516 

============================
Epoch 5
train accuracy 98.91%
test accuracy 98.52%
============================
2019-05-12 09:19:12,552 

============================
Epoch 6
train accuracy 98.80%
test accuracy 98.42%
============================
2019-05-12 09:20:43,275 

============================
Epoch 7
train accuracy 98.69%
test accuracy 98.26%
============================
2019-05-12 09:22:39,622 

============================
Epoch 8
train accuracy 99.31%
test accuracy 98.82%
============================
2019-05-12 09:24:29,267 

============================
Epoch 9
train accuracy 99.39%
test accuracy 98.76%
============================
2019-05-12 09:27:43,135 

============================
Epoch 10
train accuracy 99.46%
test accuracy 98.75%
============================
2019-05-12 09:27:43,137 

============================
Average train accuracy 98.79%
Average test accuracy 98.46%
============================
2019-05-12 09:27:43,269 ImprovedLeNet_4
2019-05-12 09:30:03,943 

============================
Epoch 1
train accuracy 96.92%
test accuracy 97.12%
============================
2019-05-12 09:32:27,505 

============================
Epoch 2
train accuracy 98.47%
test accuracy 98.35%
============================
2019-05-12 09:33:21,864 

============================
Epoch 3
train accuracy 98.40%
test accuracy 98.18%
============================
2019-05-12 09:34:12,619 

============================
Epoch 4
train accuracy 98.88%
test accuracy 98.60%
============================
2019-05-12 09:35:02,622 

============================
Epoch 5
train accuracy 99.09%
test accuracy 98.71%
============================
2019-05-12 09:35:51,306 

============================
Epoch 6
train accuracy 99.03%
test accuracy 98.64%
============================
2019-05-12 09:36:39,642 

============================
Epoch 7
train accuracy 99.03%
test accuracy 98.56%
============================
2019-05-12 09:37:28,274 

============================
Epoch 8
train accuracy 99.03%
test accuracy 98.45%
============================
2019-05-12 09:38:16,831 

============================
Epoch 9
train accuracy 99.22%
test accuracy 98.68%
============================
2019-05-12 09:39:05,178 

============================
Epoch 10
train accuracy 99.38%
test accuracy 98.89%
============================
2019-05-12 09:39:05,178 

============================
Average train accuracy 98.75%
Average test accuracy 98.42%
============================
2019-05-12 09:39:05,217 ImprovedLeNet_5
2019-05-12 09:40:57,269 

============================
Epoch 1
train accuracy 97.86%
test accuracy 98.16%
============================
2019-05-12 09:42:34,200 

============================
Epoch 2
train accuracy 98.72%
test accuracy 98.51%
============================
2019-05-12 09:44:10,722 

============================
Epoch 3
train accuracy 98.88%
test accuracy 98.59%
============================
2019-05-12 09:45:48,300 

============================
Epoch 4
train accuracy 99.06%
test accuracy 98.56%
============================
2019-05-12 09:47:24,775 

============================
Epoch 5
train accuracy 99.19%
test accuracy 98.69%
============================
2019-05-12 09:49:04,633 

============================
Epoch 6
train accuracy 99.13%
test accuracy 98.54%
============================
2019-05-12 09:51:13,897 

============================
Epoch 7
train accuracy 99.28%
test accuracy 98.60%
============================
2019-05-12 09:53:24,134 

============================
Epoch 8
train accuracy 99.17%
test accuracy 98.51%
============================
2019-05-12 09:55:18,064 

============================
Epoch 9
train accuracy 99.48%
test accuracy 98.83%
============================
2019-05-12 09:57:27,766 

============================
Epoch 10
train accuracy 99.30%
test accuracy 98.70%
============================
2019-05-12 09:57:27,767 

============================
Average train accuracy 99.01%
Average test accuracy 98.57%
============================
2019-05-12 09:57:27,806 ImprovedLeNet_6
2019-05-12 09:59:16,686 

============================
Epoch 1
train accuracy 97.57%
test accuracy 97.55%
============================
2019-05-12 10:01:43,175 

============================
Epoch 2
train accuracy 98.66%
test accuracy 98.38%
============================
2019-05-12 10:03:53,479 

============================
Epoch 3
train accuracy 98.86%
test accuracy 98.40%
============================
2019-05-12 10:05:54,748 

============================
Epoch 4
train accuracy 98.75%
test accuracy 98.34%
============================
2019-05-12 10:07:31,833 

============================
Epoch 5
train accuracy 99.27%
test accuracy 98.72%
============================
2019-05-12 10:09:19,918 

============================
Epoch 6
train accuracy 99.30%
test accuracy 98.92%
============================
2019-05-12 10:11:11,863 

============================
Epoch 7
train accuracy 99.57%
test accuracy 98.88%
============================
2019-05-12 10:13:11,185 

============================
Epoch 8
train accuracy 99.54%
test accuracy 98.82%
============================
2019-05-12 10:15:29,629 

============================
Epoch 9
train accuracy 99.28%
test accuracy 98.80%
============================
2019-05-12 10:17:12,197 

============================
Epoch 10
train accuracy 99.39%
test accuracy 98.75%
============================
2019-05-12 10:17:12,197 

============================
Average train accuracy 99.02%
Average test accuracy 98.56%
============================
2019-05-12 11:05:22,691 ImprovedLeNet_7
2019-05-12 11:05:36,972 ImprovedLeNet_7
2019-05-12 11:09:23,229 

============================
Epoch 1
train accuracy 79.00%
test accuracy 79.41%
============================
2019-05-12 11:21:34,267 ImprovedLeNet_7
2019-05-12 11:24:46,815 

============================
Epoch 1
train accuracy 97.64%
test accuracy 97.70%
============================
2019-05-12 11:29:33,138 

============================
Epoch 2
train accuracy 98.49%
test accuracy 98.30%
============================
2019-05-12 11:33:52,420 

============================
Epoch 3
train accuracy 98.89%
test accuracy 98.63%
============================
2019-05-12 11:37:52,516 

============================
Epoch 4
train accuracy 98.94%
test accuracy 98.56%
============================
2019-05-12 11:42:08,435 

============================
Epoch 5
train accuracy 99.20%
test accuracy 98.59%
============================
2019-05-12 11:46:23,603 

============================
Epoch 6
train accuracy 99.08%
test accuracy 98.68%
============================
2019-05-12 11:50:38,826 

============================
Epoch 7
train accuracy 99.44%
test accuracy 98.77%
============================
2019-05-12 11:54:55,911 

============================
Epoch 8
train accuracy 99.13%
test accuracy 98.53%
============================
2019-05-12 11:59:12,068 

============================
Epoch 9
train accuracy 99.42%
test accuracy 98.88%
============================
2019-05-12 12:03:20,345 

============================
Epoch 10
train accuracy 99.62%
test accuracy 99.15%
============================
2019-05-12 12:03:20,345 

============================
Average train accuracy 98.99%
Average test accuracy 98.58%
============================
2019-05-12 14:14:27,507 ImprovedLeNet_7
2019-05-12 14:14:47,997 ImprovedLeNet_7
2019-05-12 14:18:30,877 

============================
Epoch 1
train accuracy 98.33%
test accuracy 98.31%
============================
2019-05-12 14:25:15,398 

============================
Epoch 2
train accuracy 98.90%
test accuracy 98.68%
============================
2019-05-12 14:30:30,169 

============================
Epoch 3
train accuracy 98.98%
test accuracy 98.58%
============================
2019-05-12 14:38:29,558 ImprovedLeNet_7
2019-05-12 14:42:25,920 

============================
Epoch 1
train accuracy 97.80%
test accuracy 97.70%
============================
2019-05-12 14:47:09,891 

============================
Epoch 2
train accuracy 98.81%
test accuracy 98.53%
============================
2019-05-12 14:51:04,385 

============================
Epoch 3
train accuracy 99.02%
test accuracy 98.67%
============================
2019-05-12 14:55:04,090 

============================
Epoch 4
train accuracy 99.23%
test accuracy 98.92%
============================
2019-05-12 14:59:07,461 

============================
Epoch 5
train accuracy 99.40%
test accuracy 98.77%
============================
2019-05-12 15:03:07,945 

============================
Epoch 6
train accuracy 99.44%
test accuracy 98.91%
============================
2019-05-12 15:07:29,326 

============================
Epoch 7
train accuracy 99.53%
test accuracy 98.75%
============================
2019-05-12 15:12:11,461 

============================
Epoch 8
train accuracy 99.41%
test accuracy 98.61%
============================
2019-05-12 15:17:35,750 

============================
Epoch 9
train accuracy 99.63%
test accuracy 98.92%
============================
2019-05-12 15:22:43,715 

============================
Epoch 10
train accuracy 99.65%
test accuracy 98.95%
============================
2019-05-12 15:22:43,716 

============================
Average train accuracy 99.19%
Average test accuracy 98.67%
============================
2019-05-12 15:33:03,428 RawLeNet
2019-05-12 15:33:40,682 

============================
Epoch 1
train accuracy 94.83%
test accuracy 95.25%
============================
2019-05-12 15:34:19,043 

============================
Epoch 2
train accuracy 97.27%
test accuracy 97.29%
============================
2019-05-12 15:34:58,285 

============================
Epoch 3
train accuracy 97.97%
test accuracy 97.72%
============================
2019-05-12 15:35:43,642 

============================
Epoch 4
train accuracy 98.24%
test accuracy 97.99%
============================
2019-05-12 15:36:26,446 

============================
Epoch 5
train accuracy 98.51%
test accuracy 98.08%
============================
2019-05-12 15:37:41,222 

============================
Epoch 6
train accuracy 98.66%
test accuracy 98.14%
============================
2019-05-12 15:38:37,321 

============================
Epoch 7
train accuracy 98.72%
test accuracy 98.15%
============================
2019-05-12 15:39:28,369 

============================
Epoch 8
train accuracy 98.98%
test accuracy 98.42%
============================
2019-05-12 15:40:18,132 

============================
Epoch 9
train accuracy 98.97%
test accuracy 98.31%
============================
2019-05-12 15:41:07,684 

============================
Epoch 10
train accuracy 99.06%
test accuracy 98.47%
============================
2019-05-12 15:41:07,684 

============================
Average train accuracy 98.12%
Average test accuracy 97.78%
============================
2019-05-12 15:51:01,769 RawLeNet
2019-05-12 15:51:34,720 RawLeNet
2019-05-12 15:53:53,454 RawLeNet
2019-05-12 15:56:44,133 RawLeNet
2019-05-12 16:00:18,835 RawLeNet
2019-05-12 16:00:55,140 

============================
Epoch 1
train accuracy 95.23%
test accuracy 95.31%
============================
2019-05-12 16:01:34,560 

============================
Epoch 2
train accuracy 97.05%
test accuracy 96.67%
============================
2019-05-12 16:02:13,964 

============================
Epoch 3
train accuracy 97.64%
test accuracy 97.08%
============================
2019-05-12 16:03:09,904 RawLeNet
2019-05-12 16:03:48,545 

============================
Epoch 1
train accuracy 96.08%
test accuracy 95.69%
============================
2019-05-12 16:04:46,509 

============================
Epoch 2
train accuracy 97.28%
test accuracy 96.75%
============================
2019-05-12 16:05:58,442 

============================
Epoch 3
train accuracy 97.74%
test accuracy 96.95%
============================
2019-05-12 16:07:06,757 

============================
Epoch 4
train accuracy 97.73%
test accuracy 96.88%
============================
2019-05-12 16:08:01,610 

============================
Epoch 5
train accuracy 98.01%
test accuracy 96.86%
============================
2019-05-12 16:08:53,460 

============================
Epoch 6
train accuracy 98.31%
test accuracy 97.08%
============================
2019-05-12 16:09:46,680 

============================
Epoch 7
train accuracy 98.62%
test accuracy 97.29%
============================
2019-05-12 16:10:48,869 

============================
Epoch 8
train accuracy 98.90%
test accuracy 97.63%
============================
2019-05-12 16:11:50,335 

============================
Epoch 9
train accuracy 98.62%
test accuracy 97.27%
============================
2019-05-12 16:12:37,168 

============================
Epoch 10
train accuracy 98.91%
test accuracy 97.49%
============================
2019-05-12 16:12:37,169 

============================
Average train accuracy 98.02%
Average test accuracy 96.99%
============================
2019-05-12 16:12:37,265 LeNet
2019-05-12 16:13:23,312 

============================
Epoch 1
train accuracy 96.50%
test accuracy 96.80%
============================
2019-05-12 16:14:09,625 

============================
Epoch 2
train accuracy 97.75%
test accuracy 97.88%
============================
2019-05-12 16:14:57,577 

============================
Epoch 3
train accuracy 98.40%
test accuracy 98.19%
============================
2019-05-12 16:15:43,262 

============================
Epoch 4
train accuracy 98.81%
test accuracy 98.45%
============================
2019-05-12 16:16:30,064 

============================
Epoch 5
train accuracy 98.99%
test accuracy 98.52%
============================
2019-05-12 16:17:15,876 

============================
Epoch 6
train accuracy 99.08%
test accuracy 98.58%
============================
2019-05-12 16:18:02,007 

============================
Epoch 7
train accuracy 99.09%
test accuracy 98.46%
============================
2019-05-12 16:18:48,298 

============================
Epoch 8
train accuracy 99.25%
test accuracy 98.67%
============================
2019-05-12 16:19:34,408 

============================
Epoch 9
train accuracy 99.28%
test accuracy 98.57%
============================
2019-05-12 16:20:20,611 

============================
Epoch 10
train accuracy 99.12%
test accuracy 98.38%
============================
2019-05-12 16:20:20,612 

============================
Average train accuracy 98.63%
Average test accuracy 98.25%
============================
2019-05-12 16:33:32,232 ImprovedLeNet_1
2019-05-12 16:34:11,310 

============================
Epoch 1
train accuracy 96.51%
test accuracy 96.90%
============================
2019-05-12 16:34:48,586 

============================
Epoch 2
train accuracy 97.79%
test accuracy 97.92%
============================
2019-05-12 16:35:25,588 

============================
Epoch 3
train accuracy 98.45%
test accuracy 98.40%
============================
2019-05-12 16:36:05,696 

============================
Epoch 4
train accuracy 98.65%
test accuracy 98.45%
============================
2019-05-12 16:36:49,472 

============================
Epoch 5
train accuracy 98.80%
test accuracy 98.55%
============================
2019-05-12 16:37:33,215 

============================
Epoch 6
train accuracy 98.79%
test accuracy 98.38%
============================
2019-05-12 16:38:20,902 

============================
Epoch 7
train accuracy 98.94%
test accuracy 98.53%
============================
2019-05-12 16:39:14,399 

============================
Epoch 8
train accuracy 99.04%
test accuracy 98.50%
============================
2019-05-12 16:40:10,724 

============================
Epoch 9
train accuracy 99.14%
test accuracy 98.52%
============================
2019-05-12 16:41:18,647 

============================
Epoch 10
train accuracy 99.32%
test accuracy 98.68%
============================
2019-05-12 16:41:18,648 

============================
Average train accuracy 98.54%
Average test accuracy 98.28%
============================
2019-05-12 16:41:18,699 ImprovedLeNet_2
2019-05-12 16:42:47,651 

============================
Epoch 1
train accuracy 97.20%
test accuracy 97.34%
============================
2019-05-12 16:43:59,743 

============================
Epoch 2
train accuracy 98.44%
test accuracy 98.44%
============================
2019-05-12 16:45:00,614 

============================
Epoch 3
train accuracy 98.79%
test accuracy 98.49%
============================
2019-05-12 16:46:00,457 

============================
Epoch 4
train accuracy 98.94%
test accuracy 98.55%
============================
2019-05-12 16:47:00,614 

============================
Epoch 5
train accuracy 98.82%
test accuracy 98.38%
============================
2019-05-12 16:48:00,952 

============================
Epoch 6
train accuracy 99.05%
test accuracy 98.52%
============================
2019-05-12 16:49:03,132 

============================
Epoch 7
train accuracy 99.42%
test accuracy 98.77%
============================
2019-05-12 16:50:22,230 

============================
Epoch 8
train accuracy 99.45%
test accuracy 98.76%
============================
2019-05-12 16:51:45,415 

============================
Epoch 9
train accuracy 98.58%
test accuracy 98.00%
============================
2019-05-12 16:53:07,423 

============================
Epoch 10
train accuracy 99.27%
test accuracy 98.78%
============================
2019-05-12 16:53:07,423 

============================
Average train accuracy 98.80%
Average test accuracy 98.40%
============================
2019-05-12 16:53:07,473 ImprovedLeNet_3
2019-05-12 16:54:14,397 

============================
Epoch 1
train accuracy 97.30%
test accuracy 97.48%
============================
2019-05-12 16:55:18,222 

============================
Epoch 2
train accuracy 98.59%
test accuracy 98.39%
============================
2019-05-12 16:56:22,356 

============================
Epoch 3
train accuracy 98.79%
test accuracy 98.59%
============================
2019-05-12 16:57:26,514 

============================
Epoch 4
train accuracy 98.68%
test accuracy 98.29%
============================
2019-05-12 16:58:31,481 

============================
Epoch 5
train accuracy 98.83%
test accuracy 98.30%
============================
2019-05-12 16:59:34,427 

============================
Epoch 6
train accuracy 98.89%
test accuracy 98.30%
============================
2019-05-12 17:00:35,884 

============================
Epoch 7
train accuracy 99.40%
test accuracy 98.89%
============================
2019-05-12 17:01:36,430 

============================
Epoch 8
train accuracy 99.41%
test accuracy 98.94%
============================
2019-05-12 17:02:36,111 

============================
Epoch 9
train accuracy 99.16%
test accuracy 98.75%
============================
2019-05-12 17:03:36,253 

============================
Epoch 10
train accuracy 99.37%
test accuracy 98.86%
============================
2019-05-12 17:03:36,253 

============================
Average train accuracy 98.84%
Average test accuracy 98.48%
============================
2019-05-12 17:03:36,288 ImprovedLeNet_4
2019-05-12 17:04:19,439 

============================
Epoch 1
train accuracy 96.43%
test accuracy 96.61%
============================
2019-05-12 17:05:02,648 

============================
Epoch 2
train accuracy 98.18%
test accuracy 97.95%
============================
2019-05-12 17:05:45,618 

============================
Epoch 3
train accuracy 98.53%
test accuracy 98.28%
============================
2019-05-12 17:06:28,713 

============================
Epoch 4
train accuracy 98.56%
test accuracy 98.09%
============================
2019-05-12 17:07:11,702 

============================
Epoch 5
train accuracy 98.87%
test accuracy 98.33%
============================
2019-05-12 17:07:55,835 

============================
Epoch 6
train accuracy 99.06%
test accuracy 98.49%
============================
2019-05-12 17:08:38,749 

============================
Epoch 7
train accuracy 99.28%
test accuracy 98.69%
============================
2019-05-12 17:09:21,764 

============================
Epoch 8
train accuracy 99.04%
test accuracy 98.41%
============================
2019-05-12 17:10:04,521 

============================
Epoch 9
train accuracy 99.32%
test accuracy 98.60%
============================
2019-05-12 17:10:47,606 

============================
Epoch 10
train accuracy 99.40%
test accuracy 98.70%
============================
2019-05-12 17:10:47,606 

============================
Average train accuracy 98.67%
Average test accuracy 98.22%
============================
2019-05-12 17:10:47,639 ImprovedLeNet_5
2019-05-12 17:12:13,701 

============================
Epoch 1
train accuracy 97.67%
test accuracy 97.99%
============================
2019-05-12 17:13:43,406 

============================
Epoch 2
train accuracy 98.45%
test accuracy 98.35%
============================
2019-05-12 17:15:12,821 

============================
Epoch 3
train accuracy 98.66%
test accuracy 98.42%
============================
2019-05-12 17:16:42,427 

============================
Epoch 4
train accuracy 99.00%
test accuracy 98.69%
============================
2019-05-12 17:18:12,542 

============================
Epoch 5
train accuracy 98.28%
test accuracy 98.13%
============================
2019-05-12 17:20:03,561 

============================
Epoch 6
train accuracy 99.20%
test accuracy 98.64%
============================
2019-05-12 17:21:44,414 

============================
Epoch 7
train accuracy 99.29%
test accuracy 98.68%
============================
2019-05-12 17:23:38,548 

============================
Epoch 8
train accuracy 99.33%
test accuracy 98.51%
============================
2019-05-12 17:25:31,588 

============================
Epoch 9
train accuracy 99.22%
test accuracy 98.63%
============================
2019-05-12 17:27:07,994 

============================
Epoch 10
train accuracy 99.53%
test accuracy 98.86%
============================
2019-05-12 17:27:07,994 

============================
Average train accuracy 98.86%
Average test accuracy 98.49%
============================
2019-05-12 17:27:08,036 ImprovedLeNet_6
2019-05-12 17:28:48,647 

============================
Epoch 1
train accuracy 98.26%
test accuracy 98.18%
============================
2019-05-12 17:30:35,670 

============================
Epoch 2
train accuracy 98.89%
test accuracy 98.50%
============================
2019-05-12 17:32:19,487 

============================
Epoch 3
train accuracy 99.06%
test accuracy 98.62%
============================
2019-05-12 17:34:00,807 

============================
Epoch 4
train accuracy 99.15%
test accuracy 98.71%
============================
2019-05-12 17:35:41,315 

============================
Epoch 5
train accuracy 99.17%
test accuracy 98.79%
============================
2019-05-12 17:37:29,301 

============================
Epoch 6
train accuracy 99.45%
test accuracy 98.83%
============================
2019-05-12 17:39:11,911 

============================
Epoch 7
train accuracy 99.30%
test accuracy 98.68%
============================
2019-05-12 17:40:53,836 

============================
Epoch 8
train accuracy 99.52%
test accuracy 98.97%
============================
2019-05-12 17:43:06,228 

============================
Epoch 9
train accuracy 99.51%
test accuracy 98.94%
============================
2019-05-12 17:45:12,813 

============================
Epoch 10
train accuracy 99.66%
test accuracy 98.94%
============================
2019-05-12 17:45:12,814 

============================
Average train accuracy 99.20%
Average test accuracy 98.72%
============================
2019-05-12 17:45:12,889 ImprovedLeNet_7
2019-05-12 17:49:37,237 

============================
Epoch 1
train accuracy 98.27%
test accuracy 98.16%
============================
2019-05-12 17:55:26,650 

============================
Epoch 2
train accuracy 98.76%
test accuracy 98.49%
============================
2019-05-12 18:00:12,126 

============================
Epoch 3
train accuracy 99.16%
test accuracy 98.84%
============================
2019-05-12 18:05:36,685 

============================
Epoch 4
train accuracy 99.20%
test accuracy 98.72%
============================
2019-05-12 18:11:43,507 

============================
Epoch 5
train accuracy 99.13%
test accuracy 98.64%
============================
2019-05-12 18:17:13,960 

============================
Epoch 6
train accuracy 99.45%
test accuracy 98.82%
============================
2019-05-12 18:22:54,038 

============================
Epoch 7
train accuracy 99.35%
test accuracy 98.62%
============================
2019-05-12 18:28:32,362 

============================
Epoch 8
train accuracy 99.24%
test accuracy 98.65%
============================
2019-05-12 18:34:49,164 

============================
Epoch 9
train accuracy 99.63%
test accuracy 99.04%
============================
2019-05-12 18:39:45,357 

============================
Epoch 10
train accuracy 99.45%
test accuracy 98.70%
============================
2019-05-12 18:39:45,358 

============================
Average train accuracy 99.16%
Average test accuracy 98.67%
============================
2019-05-12 18:48:23,763 RawLeNet
2019-05-12 18:49:04,685 

============================
Epoch 1
train accuracy 87.92%
test accuracy 88.46%
============================
2019-05-12 18:49:44,673 

============================
Epoch 2
train accuracy 92.07%
test accuracy 92.47%
============================
2019-05-12 18:50:32,305 

============================
Epoch 3
train accuracy 94.58%
test accuracy 95.12%
============================
2019-05-12 18:51:23,879 

============================
Epoch 4
train accuracy 96.04%
test accuracy 96.21%
============================
2019-05-12 18:51:44,239 RawLeNet
2019-05-12 18:53:12,465 

============================
Epoch 1
train accuracy 89.44%
test accuracy 89.84%
============================
2019-05-12 18:54:14,425 

============================
Epoch 2
train accuracy 93.65%
test accuracy 94.02%
============================
2019-05-12 18:55:12,262 

============================
Epoch 3
train accuracy 96.02%
test accuracy 96.15%
============================
2019-05-12 18:56:11,347 

============================
Epoch 4
train accuracy 96.96%
test accuracy 96.92%
============================
2019-05-12 18:57:08,096 

============================
Epoch 5
train accuracy 97.46%
test accuracy 97.23%
============================
2019-05-12 18:58:01,510 

============================
Epoch 6
train accuracy 97.69%
test accuracy 97.40%
============================
2019-05-12 18:58:51,256 

============================
Epoch 7
train accuracy 97.92%
test accuracy 97.44%
============================
2019-05-12 18:59:38,787 

============================
Epoch 8
train accuracy 97.99%
test accuracy 97.43%
============================
2019-05-12 19:00:29,971 

============================
Epoch 9
train accuracy 98.11%
test accuracy 97.44%
============================
2019-05-12 19:01:18,794 

============================
Epoch 10
train accuracy 98.24%
test accuracy 97.53%
============================
2019-05-12 19:01:18,795 

============================
Average train accuracy 96.35%
Average test accuracy 96.14%
============================
